2022-09-30T17:44:41.538Z info Getting watcher status
2022-09-30T17:44:41.600Z error unhandledRejection: Unexpected 'u'
  No stack trace
2022-09-30T17:44:41.600Z error unhandledRejection: Unexpected 'u'
  No stack trace
2022-09-30T17:44:41.601Z error unhandledRejection: Unexpected 'u'
  No stack trace
2022-09-30T17:44:41.601Z error unhandledRejection: Unexpected 'u'
  No stack trace
2022-09-30T17:44:41.603Z info Getting watcher status
2022-09-30T17:44:41.607Z error unhandledRejection: Unexpected 'u'
  No stack trace
2022-09-30T17:44:41.607Z error unhandledRejection: Unexpected 'u'
  No stack trace
2022-09-30T17:44:41.609Z error unhandledRejection: Unexpected 'u'
  No stack trace
2022-09-30T17:44:41.609Z error unhandledRejection: Unexpected 'u'
  No stack trace
2022-09-30T17:44:41.612Z info Getting watcher status
2022-09-30T17:44:41.613Z info Getting watcher status
2022-09-30T17:44:41.614Z info Repo box id is: a337e33042eaa1da67bcc7dfa5fcc444f63b8a695c9786494d7d22293eba542e
2022-09-30T17:44:41.615Z info Repo box id is: a337e33042eaa1da67bcc7dfa5fcc444f63b8a695c9786494d7d22293eba542e
2022-09-30T17:44:41.615Z info Watcher WID is set to: 
2022-09-30T17:44:41.616Z info Watcher WID is set to: 
2022-09-30T17:44:41.629Z info An error occurred while sending transaction to Node: Error: Request failed with status code 400
2022-09-30T17:44:41.632Z info Getting watcher status
2022-09-30T17:44:41.633Z info Getting watcher status
2022-09-30T17:44:41.634Z info Repo box id is: 3582b12ab4413c9a877845e8faf18d546d1ae11ddd7bb365c0118c7abefdd157
2022-09-30T17:44:41.636Z info Repo box id is: 3582b12ab4413c9a877845e8faf18d546d1ae11ddd7bb365c0118c7abefdd157
2022-09-30T17:44:41.637Z info Watcher WID is set to: 6572676f
2022-09-30T17:44:41.637Z info Watcher WID is set to: 6572676f
2022-09-30T17:44:41.639Z info Getting watcher status
2022-09-30T17:44:41.641Z info Getting watcher status
2022-09-30T17:44:41.643Z info Repo box id is: 3582b12ab4413c9a877845e8faf18d546d1ae11ddd7bb365c0118c7abefdd157
2022-09-30T17:44:41.644Z info Repo box id is: 3582b12ab4413c9a877845e8faf18d546d1ae11ddd7bb365c0118c7abefdd157
2022-09-30T17:44:41.644Z info Watcher WID is set to: a337e33042eaa1da67bcc7dfa5fcc444f63b8a695c9786494d7d22293eba542e
2022-09-30T17:44:41.645Z info Watcher WID is set to: a337e33042eaa1da67bcc7dfa5fcc444f63b8a695c9786494d7d22293eba542e
2022-09-30T17:44:41.653Z info An error occurred while sending transaction to Node: Error: Request failed with status code 400
2022-09-30T17:44:41.654Z info Getting watcher status
2022-09-30T17:44:41.655Z info Getting watcher status
2022-09-30T17:44:41.655Z info Repo box id is: 3582b12ab4413c9a877845e8faf18d546d1ae11ddd7bb365c0118c7abefdd157
2022-09-30T17:44:41.656Z info Repo box id is: 3582b12ab4413c9a877845e8faf18d546d1ae11ddd7bb365c0118c7abefdd157
2022-09-30T17:44:41.657Z info Watcher WID is set to: a337e33042eaa1da67bcc7dfa5fcc444f63b8a695c9786494d7d22293eba542e
2022-09-30T17:44:41.657Z info Watcher WID is set to: a337e33042eaa1da67bcc7dfa5fcc444f63b8a695c9786494d7d22293eba542e
2022-09-30T17:44:41.669Z info An error occurred while sending transaction to Node: Error: Request failed with status code 400
2022-09-30T17:44:41.671Z info Getting watcher status
2022-09-30T17:44:41.672Z info Getting watcher status
2022-09-30T17:44:41.673Z info Repo box id is: 2420251b88745c325124fac2abb6f1d3c0f23db66dd5d561aae6767b41cb5350
2022-09-30T17:44:41.676Z info Repo box id is: 2420251b88745c325124fac2abb6f1d3c0f23db66dd5d561aae6767b41cb5350
2022-09-30T17:44:41.685Z info Watcher WID is set to: 
2022-09-30T17:44:41.685Z info Watcher WID is set to: 
2022-09-30T17:44:41.690Z info Getting watcher status
2022-09-30T17:44:41.692Z info Getting watcher status
2022-09-30T17:44:41.694Z info Repo box id is: 3582b12ab4413c9a877845e8faf18d546d1ae11ddd7bb365c0118c7abefdd157
2022-09-30T17:44:41.694Z info Repo box id is: 3582b12ab4413c9a877845e8faf18d546d1ae11ddd7bb365c0118c7abefdd157
2022-09-30T17:44:41.695Z info Watcher WID is set to: a337e33042eaa1da67bcc7dfa5fcc444f63b8a695c9786494d7d22293eba542e
2022-09-30T17:44:41.695Z info Watcher WID is set to: a337e33042eaa1da67bcc7dfa5fcc444f63b8a695c9786494d7d22293eba542e
2022-09-30T17:44:41.696Z info Getting watcher status
2022-09-30T17:44:41.697Z info Getting watcher status
2022-09-30T17:44:41.698Z info Repo box id is: 3582b12ab4413c9a877845e8faf18d546d1ae11ddd7bb365c0118c7abefdd157
2022-09-30T17:44:41.698Z info Repo box id is: 3582b12ab4413c9a877845e8faf18d546d1ae11ddd7bb365c0118c7abefdd157
2022-09-30T17:44:41.699Z info Watcher WID is set to: 
2022-09-30T17:44:41.699Z info Watcher WID is set to: 
2022-09-30T17:44:41.785Z info Getting watcher status
2022-09-30T17:44:41.788Z error unhandledRejection: Unexpected 'u'
  No stack trace
2022-09-30T17:44:41.788Z error unhandledRejection: Unexpected 'u'
  No stack trace
2022-09-30T17:44:41.788Z error unhandledRejection: Unexpected 'u'
  No stack trace
2022-09-30T17:44:41.788Z error unhandledRejection: Unexpected 'u'
  No stack trace
2022-09-30T17:44:41.796Z info Commitment tx [26551bc56a0d70364bfd76a1832a94a046a1c01e98fd2bd7ff63e266f0227d5c] submitted to the queue
2022-09-30T17:44:41.799Z info Starting commitment creation job
2022-09-30T17:44:41.801Z info Using WID Box [2e24776266d16afbf23e7c96ba9c2ffb9bce25ea75d3ed9f2a9a3b2c84bf1655]
2022-09-30T17:44:41.802Z info Commitment creation job is done
2022-09-30T17:44:41.804Z info Starting commitment creation job
2022-09-30T17:44:41.805Z info Using WID Box [c584958a6cbbc90e3a85ade304d0428880d73403acb329d58454af9783abbd1a]
2022-09-30T17:44:41.805Z info Require more Erg. Total: [2200000], Required: [4400000]
2022-09-30T17:44:41.806Z info Commitment creation job is done
2022-09-30T17:44:41.846Z info Getting watcher status
2022-09-30T17:44:41.848Z error unhandledRejection: Unexpected 'u'
  No stack trace
2022-09-30T17:44:41.848Z error unhandledRejection: Unexpected 'u'
  No stack trace
2022-09-30T17:44:41.848Z error unhandledRejection: Unexpected 'u'
  No stack trace
2022-09-30T17:44:41.848Z error unhandledRejection: Unexpected 'u'
  No stack trace
2022-09-30T17:44:41.851Z info Trigger event created with txId [26551bc56a0d70364bfd76a1832a94a046a1c01e98fd2bd7ff63e266f0227d5c]
2022-09-30T17:44:41.855Z info Starting trigger event creation job
2022-09-30T17:44:41.856Z info Valid commitments: [2/2]
2022-09-30T17:44:41.856Z info Event trigger creation job is done
2022-09-30T17:44:41.923Z info Getting watcher status
2022-09-30T17:44:41.926Z error unhandledRejection: Unexpected 'u'
  No stack trace
2022-09-30T17:44:41.926Z error unhandledRejection: Unexpected 'u'
  No stack trace
2022-09-30T17:44:41.927Z error unhandledRejection: Unexpected 'u'
  No stack trace
2022-09-30T17:44:41.927Z error unhandledRejection: Unexpected 'u'
  No stack trace
2022-09-30T17:44:41.928Z info Starting Transaction check job
2022-09-30T17:44:41.928Z info Tx [txId] confirmation: [-1]
2022-09-30T17:44:41.929Z info Sending the [commitment] transaction with txId: [txId]
2022-09-30T17:44:41.930Z info An error occurred while sending transaction to Node: Error: Request failed with status code 400
2022-09-30T17:44:41.930Z info Transactions check job is done
2022-09-30T17:44:41.931Z info Starting Transaction check job
2022-09-30T17:44:41.932Z info Tx [txId] confirmation: [-1]
2022-09-30T17:44:41.933Z info Sending the [trigger] transaction with txId: [txId]
2022-09-30T17:44:41.936Z info An error occurred while sending transaction to Node: Error: Request failed with status code 400
2022-09-30T17:44:41.937Z info Transactions check job is done
2022-09-30T17:44:41.938Z info Starting Transaction check job
2022-09-30T17:44:41.938Z info Tx [txId] confirmation: [-1]
2022-09-30T17:44:41.939Z info Skipping tx [${tx.txId}]
2022-09-30T17:44:41.939Z info Transactions check job is done
2022-09-30T17:44:41.940Z info Starting Transaction check job
2022-09-30T17:44:41.941Z info Tx [txId] confirmation: [-1]
2022-09-30T17:44:41.942Z info Skipping tx [${tx.txId}]
2022-09-30T17:44:41.942Z info Transactions check job is done
2022-09-30T17:44:41.943Z info Starting Transaction check job
2022-09-30T17:44:41.943Z info Tx [txId] confirmation: [-1]
2022-09-30T17:44:41.944Z info Skipping tx [${tx.txId}]
2022-09-30T17:44:41.944Z info Transactions check job is done
2022-09-30T17:44:41.945Z info Starting Transaction check job
2022-09-30T17:44:41.945Z info Tx [txId] confirmation: [0]
2022-09-30T17:44:41.945Z info Transactions check job is done
2022-09-30T17:44:41.946Z info Starting Transaction check job
2022-09-30T17:44:41.947Z info Tx [txId] confirmation: [200]
2022-09-30T17:44:41.947Z info The [commitment] transaction with txId: [txId] is confirmed, removing the tx from txQueue
2022-09-30T17:44:41.947Z info Transactions check job is done
2022-09-30T17:44:41.948Z info Starting Transaction check job
2022-09-30T17:44:41.948Z info Tx [txId] confirmation: [-1]
2022-09-30T17:44:41.949Z info Skipping tx [${tx.txId}]
2022-09-30T17:44:41.949Z info Transactions check job is done
2022-09-30T17:44:42.000Z info Getting watcher status
2022-09-30T17:44:42.002Z error unhandledRejection: Unexpected 'u'
  No stack trace
2022-09-30T17:44:42.002Z error unhandledRejection: Unexpected 'u'
  No stack trace
2022-09-30T17:44:42.003Z error unhandledRejection: Unexpected 'u'
  No stack trace
2022-09-30T17:44:42.003Z error unhandledRejection: Unexpected 'u'
  No stack trace
2022-09-30T17:44:42.025Z info Getting watcher status
2022-09-30T17:44:42.027Z error unhandledRejection: Unexpected 'u'
  No stack trace
2022-09-30T17:44:42.027Z error unhandledRejection: Unexpected 'u'
  No stack trace
2022-09-30T17:44:42.028Z error unhandledRejection: Unexpected 'u'
  No stack trace
2022-09-30T17:44:42.028Z error unhandledRejection: Unexpected 'u'
  No stack trace
2022-09-30T17:44:42.048Z info Getting watcher status
2022-09-30T17:44:42.050Z error unhandledRejection: Unexpected 'u'
  No stack trace
2022-09-30T17:44:42.050Z error unhandledRejection: Unexpected 'u'
  No stack trace
2022-09-30T17:44:42.051Z error unhandledRejection: Unexpected 'u'
  No stack trace
2022-09-30T17:44:42.051Z error unhandledRejection: Unexpected 'u'
  No stack trace
2022-09-30T17:44:42.070Z info Getting watcher status
2022-09-30T17:44:42.072Z error unhandledRejection: Unexpected 'u'
  No stack trace
2022-09-30T17:44:42.072Z error unhandledRejection: Unexpected 'u'
  No stack trace
2022-09-30T17:44:42.073Z error unhandledRejection: Unexpected 'u'
  No stack trace
2022-09-30T17:44:42.073Z error unhandledRejection: Unexpected 'u'
  No stack trace
2022-09-30T17:44:42.089Z info Getting watcher status
2022-09-30T17:44:42.091Z error unhandledRejection: Unexpected 'u'
  No stack trace
2022-09-30T17:44:42.091Z error unhandledRejection: Unexpected 'u'
  No stack trace
2022-09-30T17:44:42.092Z error unhandledRejection: Unexpected 'u'
  No stack trace
2022-09-30T17:44:42.092Z error unhandledRejection: Unexpected 'u'
  No stack trace
2022-09-30T17:44:42.112Z info Getting watcher status
2022-09-30T17:44:42.114Z error unhandledRejection: Unexpected 'u'
  No stack trace
2022-09-30T17:44:42.114Z error unhandledRejection: Unexpected 'u'
  No stack trace
2022-09-30T17:44:42.114Z error unhandledRejection: Unexpected 'u'
  No stack trace
2022-09-30T17:44:42.114Z error unhandledRejection: Unexpected 'u'
  No stack trace
2022-09-30T17:44:42.129Z info Getting watcher status
2022-09-30T17:44:42.131Z error unhandledRejection: Unexpected 'u'
  No stack trace
2022-09-30T17:44:42.131Z error unhandledRejection: Unexpected 'u'
  No stack trace
2022-09-30T17:44:42.132Z error unhandledRejection: Unexpected 'u'
  No stack trace
2022-09-30T17:44:42.132Z error unhandledRejection: Unexpected 'u'
  No stack trace
2022-09-30T17:44:42.153Z info Getting watcher status
2022-09-30T17:44:42.157Z error unhandledRejection: Unexpected 'u'
  No stack trace
2022-09-30T17:44:42.157Z error unhandledRejection: Unexpected 'u'
  No stack trace
2022-09-30T17:44:42.159Z error unhandledRejection: Unexpected 'u'
  No stack trace
2022-09-30T17:44:42.159Z error unhandledRejection: Unexpected 'u'
  No stack trace
2022-09-30T17:44:42.183Z info Getting watcher status
2022-09-30T17:44:42.185Z error unhandledRejection: Unexpected 'u'
  No stack trace
2022-09-30T17:44:42.185Z error unhandledRejection: Unexpected 'u'
  No stack trace
2022-09-30T17:44:42.186Z error unhandledRejection: Unexpected 'u'
  No stack trace
2022-09-30T17:44:42.186Z error unhandledRejection: Unexpected 'u'
  No stack trace
2022-09-30T17:44:42.210Z info Getting watcher status
2022-09-30T17:44:42.212Z error unhandledRejection: Unexpected 'u'
  No stack trace
2022-09-30T17:44:42.212Z error unhandledRejection: Unexpected 'u'
  No stack trace
2022-09-30T17:44:42.213Z error unhandledRejection: Unexpected 'u'
  No stack trace
2022-09-30T17:44:42.213Z error unhandledRejection: Unexpected 'u'
  No stack trace
2022-09-30T17:44:42.232Z info Getting watcher status
2022-09-30T17:44:42.235Z error unhandledRejection: Unexpected 'u'
  No stack trace
2022-09-30T17:44:42.235Z error unhandledRejection: Unexpected 'u'
  No stack trace
2022-09-30T17:44:42.236Z error unhandledRejection: Unexpected 'u'
  No stack trace
2022-09-30T17:44:42.236Z error unhandledRejection: Unexpected 'u'
  No stack trace
2022-09-30T17:44:42.263Z info Getting watcher status
2022-09-30T17:44:42.265Z error unhandledRejection: Unexpected 'u'
  No stack trace
2022-09-30T17:44:42.265Z error unhandledRejection: Unexpected 'u'
  No stack trace
2022-09-30T17:44:42.266Z error unhandledRejection: Unexpected 'u'
  No stack trace
2022-09-30T17:44:42.266Z error unhandledRejection: Unexpected 'u'
  No stack trace
2022-09-30T17:44:42.293Z info Getting watcher status
2022-09-30T17:44:42.296Z error unhandledRejection: Unexpected 'u'
  No stack trace
2022-09-30T17:44:42.296Z error unhandledRejection: Unexpected 'u'
  No stack trace
2022-09-30T17:44:42.297Z error unhandledRejection: Unexpected 'u'
  No stack trace
2022-09-30T17:44:42.297Z error unhandledRejection: Unexpected 'u'
  No stack trace
